#
# There is insufficient memory for the Java Runtime Environment to continue.
# Native memory allocation (mmap) failed to map 132120576 bytes for Failed to commit area from 0x0000000082200000 to 0x000000008a000000 of length 132120576.
# Possible reasons:
#   The system is out of physical RAM or swap space
#   The process is running with CompressedOops enabled, and the Java Heap may be blocking the growth of the native heap
# Possible solutions:
#   Reduce memory load on the system
#   Increase physical memory or swap space
#   Check if swap backing store is full
#   Decrease Java heap size (-Xmx/-Xms)
#   Decrease number of Java threads
#   Decrease Java thread stack sizes (-Xss)
#   Set larger code cache with -XX:ReservedCodeCacheSize=
# This output file may be truncated or incomplete.
#
#  Out of Memory Error (c:/BuildAgent/work/5ff2f6c26000d570/src/hotspot/os/windows/os_windows.cpp:3281), pid=34820, tid=34860
#
# JRE version:  (11.0.4+10) (build )
# Java VM: OpenJDK 64-Bit Server VM (11.0.4+10-b304.77, mixed mode, aot, sharing, tiered, compressed oops, g1 gc, windows-amd64)
# No core dump will be written. Minidumps are not enabled by default on client versions of Windows
#

---------------  S U M M A R Y ------------

Command Line: com.intellij.util.ReadEnv C:\Users\PNLP69\AppData\Local\Temp\intellij-cmd-env.tmp

Host: Intel(R) Core(TM) i5-8250U CPU @ 1.60GHz, 8 cores, 7G,  Windows 10 , 64 bit Build 18362 (10.0.18362.778)
Time: Sun May 10 23:54:26 2020 Eastern Daylight Time elapsed time: 0 seconds (0d 0h 0m 0s)

---------------  T H R E A D  ---------------

Current thread (0x0000022115a90800):  JavaThread "Unknown thread" [_thread_in_vm, id=34860, stack(0x000000b894500000,0x000000b894600000)]

Stack: [0x000000b894500000,0x000000b894600000]
Native frames: (J=compiled Java code, j=interpreted, Vv=VM code, C=native code)
V  [jvm.dll+0x5db31a]
V  [jvm.dll+0x70c395]
V  [jvm.dll+0x70d8b8]
V  [jvm.dll+0x70df83]
V  [jvm.dll+0x23dbb8]
V  [jvm.dll+0x5d8a74]
V  [jvm.dll+0x5cdb05]
V  [jvm.dll+0x2fa5bb]
V  [jvm.dll+0x2fa52a]
V  [jvm.dll+0x2fa402]
V  [jvm.dll+0x2ff2c6]
V  [jvm.dll+0x347893]
V  [jvm.dll+0x347f96]
V  [jvm.dll+0x347993]
V  [jvm.dll+0x2d4e28]
V  [jvm.dll+0x2d5fd7]
V  [jvm.dll+0x6eb717]
V  [jvm.dll+0x6ecf0c]
V  [jvm.dll+0x354fb9]
V  [jvm.dll+0x6d35be]
V  [jvm.dll+0x3bd673]
V  [jvm.dll+0x3bf9f1]
C  [java.exe+0x3763]
C  [java.exe+0x17a0c]
C  [KERNEL32.DLL+0x17bd4]
C  [ntdll.dll+0x6ce51]


---------------  P R O C E S S  ---------------

Threads class SMR info:
_java_thread_list=0x00000221132c80b0, length=0, elements={
}

Java Threads: ( => current thread )

Other Threads:
  0x0000022115aa8800 GCTaskThread "GC Thread#0" [stack: 0x000000b894600000,0x000000b894700000] [id=46720]
  0x0000022115ad9800 ConcurrentGCThread "G1 Main Marker" [stack: 0x000000b894700000,0x000000b894800000] [id=464]
  0x0000022115adc000 ConcurrentGCThread "G1 Conc#0" [stack: 0x000000b894800000,0x000000b894900000] [id=2328]

[error occurred during error reporting (printing all threads), id 0xc0000005, EXCEPTION_ACCESS_VIOLATION (0xc0000005) at pc=0x00007ffdd3a55727]

VM state:not at safepoint (not fully initialized)

VM Mutex/Monitor currently owned by a thread:  ([mutex/lock_event])
[0x0000022115a8c400] Heap_lock - owner thread: 0x0000022115a90800

Heap address: 0x0000000082200000, size: 2014 MB, Compressed Oops mode: Non-zero based: 0x0000000082200000
Narrow klass base: 0x0000000000000000, Narrow klass shift: 0

GC Heap History (0 events):
No events

Deoptimization events (0 events):
No events

Classes redefined (0 events):
No events

Internal exceptions (0 events):
No events

Events (0 events):
No events


Dynamic libraries:
0x00007ff734d30000 - 0x00007ff734d77000 	C:\Program Files\JetBrains\PyCharm Community Edition 2019.2.5\jbr\bin\java.exe
0x00007ffe0fd40000 - 0x00007ffe0ff30000 	C:\WINDOWS\SYSTEM32\ntdll.dll
0x00007ffe0f550000 - 0x00007ffe0f602000 	C:\WINDOWS\System32\KERNEL32.DLL
0x00007ffe0cf20000 - 0x00007ffe0d1c3000 	C:\WINDOWS\System32\KERNELBASE.dll
0x00007ffe0e910000 - 0x00007ffe0eaa4000 	C:\WINDOWS\System32\USER32.dll
0x00007ffe0dcd0000 - 0x00007ffe0dcf1000 	C:\WINDOWS\System32\win32u.dll
0x00007ffe0fcd0000 - 0x00007ffe0fcf6000 	C:\WINDOWS\System32\GDI32.dll
0x00007ffe0cd80000 - 0x00007ffe0cf14000 	C:\WINDOWS\System32\gdi32full.dll
0x00007ffe0dd00000 - 0x00007ffe0dd9e000 	C:\WINDOWS\System32\msvcp_win.dll
0x00007ffe0db40000 - 0x00007ffe0dc3a000 	C:\WINDOWS\System32\ucrtbase.dll
0x00007ffdf5480000 - 0x00007ffdf5705000 	C:\WINDOWS\WinSxS\amd64_microsoft.windows.common-controls_6595b64144ccf1df_6.0.18362.778_none_e6c6b761130d4fb8\COMCTL32.dll
0x00007ffe0f830000 - 0x00007ffe0f8ce000 	C:\WINDOWS\System32\msvcrt.dll
0x00007ffe0e480000 - 0x00007ffe0e7b6000 	C:\WINDOWS\System32\combase.dll
0x00007ffe0f6a0000 - 0x00007ffe0f7c0000 	C:\WINDOWS\System32\RPCRT4.dll
0x00007ffe0d1f0000 - 0x00007ffe0d270000 	C:\WINDOWS\System32\bcryptPrimitives.dll
0x00007ffe0ddf0000 - 0x00007ffe0de1e000 	C:\WINDOWS\System32\IMM32.DLL
0x00007ffddec70000 - 0x00007ffdded22000 	C:\Program Files\McAfee\Endpoint Security\Threat Prevention\Ips\EpMPApi.dll
0x00007ffe0fb70000 - 0x00007ffe0fc13000 	C:\WINDOWS\System32\ADVAPI32.dll
0x00007ffe0f350000 - 0x00007ffe0f3e7000 	C:\WINDOWS\System32\sechost.dll
0x00007ffe0dc70000 - 0x00007ffe0dccc000 	C:\WINDOWS\System32\WINTRUST.dll
0x00007ffe0ccb0000 - 0x00007ffe0ccc2000 	C:\WINDOWS\System32\MSASN1.dll
0x00007ffe0d270000 - 0x00007ffe0d3b9000 	C:\WINDOWS\System32\CRYPT32.dll
0x000000006b000000 - 0x000000006b00c000 	C:\Program Files\McAfee\Endpoint Security\Threat Prevention\Ips\EpMPThe.dll
0x00007ffe04370000 - 0x00007ffe043a9000 	C:\Program Files\McAfee\Endpoint Security\Threat Prevention\Ips\HIPHandlers64.dll
0x0000022114d20000 - 0x0000022114d72000 	C:\WINDOWS\System32\SHLWAPI.dll
0x00007ffe05040000 - 0x00007ffe05057000 	C:\Program Files\JetBrains\PyCharm Community Edition 2019.2.5\jbr\bin\vcruntime140.dll
0x00007ffdf2ef0000 - 0x00007ffdf2f8d000 	C:\Program Files\JetBrains\PyCharm Community Edition 2019.2.5\jbr\bin\msvcp140.dll
0x00007ffdd3770000 - 0x00007ffdd4228000 	C:\Program Files\JetBrains\PyCharm Community Edition 2019.2.5\jbr\bin\server\jvm.dll
0x00007ffe0f610000 - 0x00007ffe0f618000 	C:\WINDOWS\System32\PSAPI.DLL
0x00007ffe065a0000 - 0x00007ffe065aa000 	C:\WINDOWS\SYSTEM32\VERSION.dll
0x00007ffdf00c0000 - 0x00007ffdf00c9000 	C:\WINDOWS\SYSTEM32\WSOCK32.dll
0x00007ffe05010000 - 0x00007ffe05034000 	C:\WINDOWS\SYSTEM32\WINMM.dll
0x0000022114dc0000 - 0x0000022114e2f000 	C:\WINDOWS\System32\ws2_32.DLL
0x00007ffe050f0000 - 0x00007ffe0511d000 	C:\WINDOWS\SYSTEM32\winmmbase.dll
0x00007ffe0dda0000 - 0x00007ffe0ddea000 	C:\WINDOWS\System32\cfgmgr32.dll
0x00007ffe0cc10000 - 0x00007ffe0cc21000 	C:\WINDOWS\System32\kernel.appcore.dll
0x00007ffe08d60000 - 0x00007ffe08d71000 	C:\Program Files\JetBrains\PyCharm Community Edition 2019.2.5\jbr\bin\verify.dll
0x00007ffe05d10000 - 0x00007ffe05f04000 	C:\WINDOWS\SYSTEM32\DBGHELP.DLL
0x00007ffdf92b0000 - 0x00007ffdf92da000 	C:\WINDOWS\SYSTEM32\dbgcore.DLL
0x00007ffe07a30000 - 0x00007ffe07a59000 	C:\Program Files\JetBrains\PyCharm Community Edition 2019.2.5\jbr\bin\java.dll
0x00007ffe08070000 - 0x00007ffe08087000 	C:\Program Files\JetBrains\PyCharm Community Edition 2019.2.5\jbr\bin\zip.dll
0x00007ffe0a1e0000 - 0x00007ffe0a1eb000 	C:\Program Files\JetBrains\PyCharm Community Edition 2019.2.5\jbr\bin\jimage.dll

dbghelp: loaded successfully - version: 4.0.5 - missing functions: none
symbol engine: initialized successfully - sym options: 0x614 - pdb path: .;C:\Program Files\JetBrains\PyCharm Community Edition 2019.2.5\jbr\bin;C:\WINDOWS\SYSTEM32;C:\WINDOWS\WinSxS\amd64_microsoft.windows.common-controls_6595b64144ccf1df_6.0.18362.778_none_e6c6b761130d4fb8;C:\Program Files\McAfee\Endpoint Security\Threat Prevention\Ips;C:\Program Files\JetBrains\PyCharm Community Edition 2019.2.5\jbr\bin\server

VM Arguments:
java_command: com.intellij.util.ReadEnv C:\Users\PNLP69\AppData\Local\Temp\intellij-cmd-env.tmp
java_class_path (initial): C:\Program Files\JetBrains\PyCharm Community Edition 2019.2.5\lib\util.jar
Launcher Type: SUN_STANDARD

[Global flags]
     intx CICompilerCount                          = 4                                         {product} {ergonomic}
     uint ConcGCThreads                            = 2                                         {product} {ergonomic}
     uint G1ConcRefinementThreads                  = 8                                         {product} {ergonomic}
   size_t G1HeapRegionSize                         = 1048576                                   {product} {ergonomic}
    uintx GCDrainStackTargetSize                   = 64                                        {product} {ergonomic}
   size_t InitialHeapSize                          = 132120576                                 {product} {ergonomic}
   size_t MarkStackSize                            = 4194304                                   {product} {ergonomic}
   size_t MaxHeapSize                              = 2111832064                                {product} {ergonomic}
   size_t MinHeapDeltaBytes                        = 1048576                                   {product} {ergonomic}
    uintx NonNMethodCodeHeapSize                   = 5835340                                {pd product} {ergonomic}
    uintx NonProfiledCodeHeapSize                  = 122911450                              {pd product} {ergonomic}
    uintx ProfiledCodeHeapSize                     = 122911450                              {pd product} {ergonomic}
    uintx ReservedCodeCacheSize                    = 251658240                              {pd product} {ergonomic}
     bool SegmentedCodeCache                       = true                                      {product} {ergonomic}
     bool UseCompressedClassPointers               = true                                 {lp64_product} {ergonomic}
     bool UseCompressedOops                        = true                                 {lp64_product} {ergonomic}
     bool UseG1GC                                  = true                                      {product} {ergonomic}
     bool UseLargePagesIndividualAllocation        = false                                  {pd product} {ergonomic}

Logging:
Log output configuration:
 #0: stdout all=warning uptime,level,tags
 #1: stderr all=off uptime,level,tags

Environment Variables:
PATH=C:\Users\PNLP69\Desktop\advertme\env\Scripts;C:\Users\PNLP69\AppData\Local\Programs\Python\Python37-32;C:\Users\PNLP69\AppData\Local\Programs\Python\Python37-32\Scripts;C:\Users\PNLP69\AppData\Local\Programs\Microsoft VS Code\bin
USERNAME=olu.akindele
OS=Windows_NT
PROCESSOR_IDENTIFIER=Intel64 Family 6 Model 142 Stepping 10, GenuineIntel



---------------  S Y S T E M  ---------------

OS: Windows 10 , 64 bit Build 18362 (10.0.18362.778)

CPU:total 8 (initial active 8) (4 cores per cpu, 2 threads per core) family 6 model 142 stepping 10, cmov, cx8, fxsr, mmx, sse, sse2, sse3, ssse3, sse4.1, sse4.2, popcnt, avx, avx2, aes, clmul, erms, 3dnowpref, lzcnt, ht, tsc, tscinvbit, bmi1, bmi2, adx, fma

Memory: 4k page, system-wide physical 8051M (1670M free)
TotalPageFile size 32627M (AvailPageFile size 42M)
current process WorkingSet (physical memory assigned to process): 11M, peak: 11M
current process commit charge ("private bytes"): 61M, peak: 187M

vm_info: OpenJDK 64-Bit Server VM (11.0.4+10-b304.77) for windows-amd64 JRE (11.0.4+10-b304.77), built on Oct 10 2019 15:02:36 by "" with MS VC++ 14.0 (VS2015)

END.
